Determining if the pthread_create exist failed with the following output:
Change Dir: /home/isilab/Desktop/ssid_folder/catkin_ws/build/CMakeFiles/CMakeTmp

Run Build Command:/usr/bin/make "cmTryCompileExec4037500999/fast"
/usr/bin/make -f CMakeFiles/cmTryCompileExec4037500999.dir/build.make CMakeFiles/cmTryCompileExec4037500999.dir/build
make[1]: Entering directory `/home/isilab/Desktop/ssid_folder/catkin_ws/build/CMakeFiles/CMakeTmp'
/usr/bin/cmake -E cmake_progress_report /home/isilab/Desktop/ssid_folder/catkin_ws/build/CMakeFiles/CMakeTmp/CMakeFiles 1
Building C object CMakeFiles/cmTryCompileExec4037500999.dir/CheckSymbolExists.c.o
/usr/bin/cc    -o CMakeFiles/cmTryCompileExec4037500999.dir/CheckSymbolExists.c.o   -c /home/isilab/Desktop/ssid_folder/catkin_ws/build/CMakeFiles/CMakeTmp/CheckSymbolExists.c
Linking C executable cmTryCompileExec4037500999
/usr/bin/cmake -E cmake_link_script CMakeFiles/cmTryCompileExec4037500999.dir/link.txt --verbose=1
/usr/bin/cc       CMakeFiles/cmTryCompileExec4037500999.dir/CheckSymbolExists.c.o  -o cmTryCompileExec4037500999 -rdynamic 
CMakeFiles/cmTryCompileExec4037500999.dir/CheckSymbolExists.c.o: In function `main':
CheckSymbolExists.c:(.text+0x16): undefined reference to `pthread_create'
collect2: error: ld returned 1 exit status
make[1]: *** [cmTryCompileExec4037500999] Error 1
make[1]: Leaving directory `/home/isilab/Desktop/ssid_folder/catkin_ws/build/CMakeFiles/CMakeTmp'
make: *** [cmTryCompileExec4037500999/fast] Error 2

File /home/isilab/Desktop/ssid_folder/catkin_ws/build/CMakeFiles/CMakeTmp/CheckSymbolExists.c:
/* */
#include <pthread.h>

int main(int argc, char** argv)
{
  (void)argv;
#ifndef pthread_create
  return ((int*)(&pthread_create))[argc];
#else
  (void)argc;
  return 0;
#endif
}

Determining if the function pthread_create exists in the pthreads failed with the following output:
Change Dir: /home/isilab/Desktop/ssid_folder/catkin_ws/build/CMakeFiles/CMakeTmp

Run Build Command:/usr/bin/make "cmTryCompileExec1406191008/fast"
/usr/bin/make -f CMakeFiles/cmTryCompileExec1406191008.dir/build.make CMakeFiles/cmTryCompileExec1406191008.dir/build
make[1]: Entering directory `/home/isilab/Desktop/ssid_folder/catkin_ws/build/CMakeFiles/CMakeTmp'
/usr/bin/cmake -E cmake_progress_report /home/isilab/Desktop/ssid_folder/catkin_ws/build/CMakeFiles/CMakeTmp/CMakeFiles 1
Building C object CMakeFiles/cmTryCompileExec1406191008.dir/CheckFunctionExists.c.o
/usr/bin/cc   -DCHECK_FUNCTION_EXISTS=pthread_create   -o CMakeFiles/cmTryCompileExec1406191008.dir/CheckFunctionExists.c.o   -c /usr/share/cmake-2.8/Modules/CheckFunctionExists.c
Linking C executable cmTryCompileExec1406191008
/usr/bin/cmake -E cmake_link_script CMakeFiles/cmTryCompileExec1406191008.dir/link.txt --verbose=1
/usr/bin/cc   -DCHECK_FUNCTION_EXISTS=pthread_create    CMakeFiles/cmTryCompileExec1406191008.dir/CheckFunctionExists.c.o  -o cmTryCompileExec1406191008 -rdynamic -lpthreads 
/usr/bin/ld: cannot find -lpthreads
collect2: error: ld returned 1 exit status
make[1]: *** [cmTryCompileExec1406191008] Error 1
make[1]: Leaving directory `/home/isilab/Desktop/ssid_folder/catkin_ws/build/CMakeFiles/CMakeTmp'
make: *** [cmTryCompileExec1406191008/fast] Error 2


